<?xml version="1.0" encoding="UTF-8"?>
<testsuite xmlns:xsi="http://www.w3.org/2001/XMLSchema-instance" xsi:noNamespaceSchemaLocation="https://maven.apache.org/surefire/maven-surefire-plugin/xsd/surefire-test-report-3.0.xsd" version="3.0" name="TestSuite" time="43.481" tests="15" errors="0" skipped="0" failures="0">
  <properties>
    <property name="java.specification.version" value="18"/>
    <property name="sun.cpu.isalist" value="amd64"/>
    <property name="sun.jnu.encoding" value="Cp1252"/>
    <property name="java.class.path" value="C:\sprintttt\Superheros\target\test-classes;C:\sprintttt\Superheros\target\classes;C:\Users\lasya\.m2\repository\io\rest-assured\rest-assured\5.1.1\rest-assured-5.1.1.jar;C:\Users\lasya\.m2\repository\org\apache\groovy\groovy\4.0.1\groovy-4.0.1.jar;C:\Users\lasya\.m2\repository\org\apache\groovy\groovy-xml\4.0.1\groovy-xml-4.0.1.jar;C:\Users\lasya\.m2\repository\org\apache\httpcomponents\httpclient\4.5.13\httpclient-4.5.13.jar;C:\Users\lasya\.m2\repository\org\apache\httpcomponents\httpcore\4.4.13\httpcore-4.4.13.jar;C:\Users\lasya\.m2\repository\commons-logging\commons-logging\1.2\commons-logging-1.2.jar;C:\Users\lasya\.m2\repository\commons-codec\commons-codec\1.11\commons-codec-1.11.jar;C:\Users\lasya\.m2\repository\org\apache\httpcomponents\httpmime\4.5.13\httpmime-4.5.13.jar;C:\Users\lasya\.m2\repository\org\hamcrest\hamcrest\2.1\hamcrest-2.1.jar;C:\Users\lasya\.m2\repository\org\ccil\cowan\tagsoup\tagsoup\1.2.1\tagsoup-1.2.1.jar;C:\Users\lasya\.m2\repository\io\rest-assured\json-path\5.1.1\json-path-5.1.1.jar;C:\Users\lasya\.m2\repository\org\apache\groovy\groovy-json\4.0.1\groovy-json-4.0.1.jar;C:\Users\lasya\.m2\repository\io\rest-assured\rest-assured-common\5.1.1\rest-assured-common-5.1.1.jar;C:\Users\lasya\.m2\repository\io\rest-assured\xml-path\5.1.1\xml-path-5.1.1.jar;C:\Users\lasya\.m2\repository\org\apache\commons\commons-lang3\3.11\commons-lang3-3.11.jar;C:\Users\lasya\.m2\repository\org\testng\testng\7.6.1\testng-7.6.1.jar;C:\Users\lasya\.m2\repository\com\google\code\findbugs\jsr305\3.0.2\jsr305-3.0.2.jar;C:\Users\lasya\.m2\repository\org\slf4j\slf4j-api\1.7.36\slf4j-api-1.7.36.jar;C:\Users\lasya\.m2\repository\com\beust\jcommander\1.82\jcommander-1.82.jar;C:\Users\lasya\.m2\repository\org\webjars\jquery\3.6.0\jquery-3.6.0.jar;C:\Users\lasya\.m2\repository\com\fasterxml\jackson\core\jackson-core\2.13.2\jackson-core-2.13.2.jar;C:\Users\lasya\.m2\repository\com\fasterxml\jackson\core\jackson-databind\2.13.2.2\jackson-databind-2.13.2.2.jar;C:\Users\lasya\.m2\repository\com\fasterxml\jackson\core\jackson-annotations\2.13.2\jackson-annotations-2.13.2.jar;C:\Users\lasya\.m2\repository\org\projectlombok\lombok\1.18.24\lombok-1.18.24.jar;C:\Users\lasya\.m2\repository\com\googlecode\json-simple\json-simple\1.1.1\json-simple-1.1.1.jar;C:\Users\lasya\.m2\repository\junit\junit\4.10\junit-4.10.jar;C:\Users\lasya\.m2\repository\org\hamcrest\hamcrest-core\1.1\hamcrest-core-1.1.jar;C:\Users\lasya\.m2\repository\io\rest-assured\json-schema-validator\5.1.1\json-schema-validator-5.1.1.jar;C:\Users\lasya\.m2\repository\com\github\java-json-tools\json-schema-validator\2.2.14\json-schema-validator-2.2.14.jar;C:\Users\lasya\.m2\repository\com\google\guava\guava\28.2-android\guava-28.2-android.jar;C:\Users\lasya\.m2\repository\com\google\guava\failureaccess\1.0.1\failureaccess-1.0.1.jar;C:\Users\lasya\.m2\repository\com\google\guava\listenablefuture\9999.0-empty-to-avoid-conflict-with-guava\listenablefuture-9999.0-empty-to-avoid-conflict-with-guava.jar;C:\Users\lasya\.m2\repository\org\checkerframework\checker-compat-qual\2.5.5\checker-compat-qual-2.5.5.jar;C:\Users\lasya\.m2\repository\com\google\errorprone\error_prone_annotations\2.3.4\error_prone_annotations-2.3.4.jar;C:\Users\lasya\.m2\repository\com\google\j2objc\j2objc-annotations\1.3\j2objc-annotations-1.3.jar;C:\Users\lasya\.m2\repository\com\github\java-json-tools\jackson-coreutils-equivalence\1.0\jackson-coreutils-equivalence-1.0.jar;C:\Users\lasya\.m2\repository\com\github\java-json-tools\jackson-coreutils\2.0\jackson-coreutils-2.0.jar;C:\Users\lasya\.m2\repository\com\github\java-json-tools\msg-simple\1.2\msg-simple-1.2.jar;C:\Users\lasya\.m2\repository\com\github\java-json-tools\btf\1.3\btf-1.3.jar;C:\Users\lasya\.m2\repository\com\github\java-json-tools\json-schema-core\1.2.14\json-schema-core-1.2.14.jar;C:\Users\lasya\.m2\repository\com\github\java-json-tools\uri-template\0.10\uri-template-0.10.jar;C:\Users\lasya\.m2\repository\org\mozilla\rhino\1.7.7.2\rhino-1.7.7.2.jar;C:\Users\lasya\.m2\repository\com\sun\mail\mailapi\1.6.2\mailapi-1.6.2.jar;C:\Users\lasya\.m2\repository\joda-time\joda-time\2.10.5\joda-time-2.10.5.jar;C:\Users\lasya\.m2\repository\com\googlecode\libphonenumber\libphonenumber\8.11.1\libphonenumber-8.11.1.jar;C:\Users\lasya\.m2\repository\net\sf\jopt-simple\jopt-simple\5.0.4\jopt-simple-5.0.4.jar;C:\Users\lasya\.m2\repository\io\cucumber\cucumber-java\6.9.1\cucumber-java-6.9.1.jar;C:\Users\lasya\.m2\repository\io\cucumber\cucumber-core\6.9.1\cucumber-core-6.9.1.jar;C:\Users\lasya\.m2\repository\io\cucumber\cucumber-gherkin\6.9.1\cucumber-gherkin-6.9.1.jar;C:\Users\lasya\.m2\repository\io\cucumber\cucumber-gherkin-messages\6.9.1\cucumber-gherkin-messages-6.9.1.jar;C:\Users\lasya\.m2\repository\io\cucumber\messages\13.2.1\messages-13.2.1.jar;C:\Users\lasya\.m2\repository\io\cucumber\tag-expressions\3.0.0\tag-expressions-3.0.0.jar;C:\Users\lasya\.m2\repository\io\cucumber\cucumber-expressions\10.3.0\cucumber-expressions-10.3.0.jar;C:\Users\lasya\.m2\repository\io\cucumber\datatable\3.5.0\datatable-3.5.0.jar;C:\Users\lasya\.m2\repository\io\cucumber\cucumber-plugin\6.9.1\cucumber-plugin-6.9.1.jar;C:\Users\lasya\.m2\repository\io\cucumber\docstring\6.9.1\docstring-6.9.1.jar;C:\Users\lasya\.m2\repository\io\cucumber\html-formatter\9.0.0\html-formatter-9.0.0.jar;C:\Users\lasya\.m2\repository\io\cucumber\create-meta\2.0.4\create-meta-2.0.4.jar;C:\Users\lasya\.m2\repository\org\apiguardian\apiguardian-api\1.1.0\apiguardian-api-1.1.0.jar;C:\Users\lasya\.m2\repository\io\cucumber\cucumber-testng\6.9.1\cucumber-testng-6.9.1.jar;C:\Users\lasya\.m2\repository\org\apache\maven\plugins\maven-surefire-plugin\3.0.0-M7\maven-surefire-plugin-3.0.0-M7.jar;C:\Users\lasya\.m2\repository\org\apache\maven\surefire\maven-surefire-common\3.0.0-M7\maven-surefire-common-3.0.0-M7.jar;C:\Users\lasya\.m2\repository\org\apache\maven\surefire\surefire-api\3.0.0-M7\surefire-api-3.0.0-M7.jar;C:\Users\lasya\.m2\repository\org\apache\maven\surefire\surefire-logger-api\3.0.0-M7\surefire-logger-api-3.0.0-M7.jar;C:\Users\lasya\.m2\repository\org\apache\maven\surefire\surefire-extensions-api\3.0.0-M7\surefire-extensions-api-3.0.0-M7.jar;C:\Users\lasya\.m2\repository\org\apache\maven\surefire\surefire-booter\3.0.0-M7\surefire-booter-3.0.0-M7.jar;C:\Users\lasya\.m2\repository\org\apache\maven\surefire\surefire-extensions-spi\3.0.0-M7\surefire-extensions-spi-3.0.0-M7.jar;C:\Users\lasya\.m2\repository\org\apache\maven\shared\maven-common-artifact-filters\3.1.1\maven-common-artifact-filters-3.1.1.jar;C:\Users\lasya\.m2\repository\org\apache\maven\maven-artifact\3.1.0\maven-artifact-3.1.0.jar;C:\Users\lasya\.m2\repository\org\codehaus\plexus\plexus-utils\3.0.10\plexus-utils-3.0.10.jar;C:\Users\lasya\.m2\repository\org\apache\maven\maven-core\3.1.0\maven-core-3.1.0.jar;C:\Users\lasya\.m2\repository\org\apache\maven\maven-settings\3.1.0\maven-settings-3.1.0.jar;C:\Users\lasya\.m2\repository\org\apache\maven\maven-settings-builder\3.1.0\maven-settings-builder-3.1.0.jar;C:\Users\lasya\.m2\repository\org\apache\maven\maven-repository-metadata\3.1.0\maven-repository-metadata-3.1.0.jar;C:\Users\lasya\.m2\repository\org\apache\maven\maven-model-builder\3.1.0\maven-model-builder-3.1.0.jar;C:\Users\lasya\.m2\repository\org\apache\maven\maven-aether-provider\3.1.0\maven-aether-provider-3.1.0.jar;C:\Users\lasya\.m2\repository\org\eclipse\aether\aether-spi\0.9.0.M2\aether-spi-0.9.0.M2.jar;C:\Users\lasya\.m2\repository\org\eclipse\aether\aether-impl\0.9.0.M2\aether-impl-0.9.0.M2.jar;C:\Users\lasya\.m2\repository\org\eclipse\aether\aether-api\0.9.0.M2\aether-api-0.9.0.M2.jar;C:\Users\lasya\.m2\repository\org\eclipse\aether\aether-util\0.9.0.M2\aether-util-0.9.0.M2.jar;C:\Users\lasya\.m2\repository\org\eclipse\sisu\org.eclipse.sisu.plexus\0.0.0.M2a\org.eclipse.sisu.plexus-0.0.0.M2a.jar;C:\Users\lasya\.m2\repository\javax\enterprise\cdi-api\1.0\cdi-api-1.0.jar;C:\Users\lasya\.m2\repository\javax\annotation\jsr250-api\1.0\jsr250-api-1.0.jar;C:\Users\lasya\.m2\repository\javax\inject\javax.inject\1\javax.inject-1.jar;C:\Users\lasya\.m2\repository\org\sonatype\sisu\sisu-guice\3.1.0\sisu-guice-3.1.0-no_aop.jar;C:\Users\lasya\.m2\repository\aopalliance\aopalliance\1.0\aopalliance-1.0.jar;C:\Users\lasya\.m2\repository\org\eclipse\sisu\org.eclipse.sisu.inject\0.0.0.M2a\org.eclipse.sisu.inject-0.0.0.M2a.jar;C:\Users\lasya\.m2\repository\asm\asm\3.3.1\asm-3.3.1.jar;C:\Users\lasya\.m2\repository\org\codehaus\plexus\plexus-interpolation\1.16\plexus-interpolation-1.16.jar;C:\Users\lasya\.m2\repository\org\codehaus\plexus\plexus-classworlds\2.4.2\plexus-classworlds-2.4.2.jar;C:\Users\lasya\.m2\repository\org\codehaus\plexus\plexus-component-annotations\1.5.5\plexus-component-annotations-1.5.5.jar;C:\Users\lasya\.m2\repository\org\sonatype\plexus\plexus-sec-dispatcher\1.3\plexus-sec-dispatcher-1.3.jar;C:\Users\lasya\.m2\repository\org\sonatype\plexus\plexus-cipher\1.4\plexus-cipher-1.4.jar;C:\Users\lasya\.m2\repository\org\apache\maven\maven-plugin-api\3.1.0\maven-plugin-api-3.1.0.jar;C:\Users\lasya\.m2\repository\commons-io\commons-io\2.6\commons-io-2.6.jar;C:\Users\lasya\.m2\repository\org\codehaus\plexus\plexus-java\1.1.1\plexus-java-1.1.1.jar;C:\Users\lasya\.m2\repository\org\ow2\asm\asm\9.2\asm-9.2.jar;C:\Users\lasya\.m2\repository\com\thoughtworks\qdox\qdox\2.0.1\qdox-2.0.1.jar;C:\Users\lasya\.m2\repository\org\apache\maven\surefire\surefire-shared-utils\3.0.0-M7\surefire-shared-utils-3.0.0-M7.jar;"/>
    <property name="java.vm.vendor" value="Oracle Corporation"/>
    <property name="sun.arch.data.model" value="64"/>
    <property name="user.variant" value=""/>
    <property name="java.vendor.url" value="https://java.oracle.com/"/>
    <property name="user.timezone" value="Asia/Calcutta"/>
    <property name="os.name" value="Windows 11"/>
    <property name="java.vm.specification.version" value="18"/>
    <property name="sun.java.launcher" value="SUN_STANDARD"/>
    <property name="user.country" value="IN"/>
    <property name="sun.boot.library.path" value="C:\Program Files\Java\jdk-18.0.1.1\bin"/>
    <property name="sun.java.command" value="C:\Users\lasya\AppData\Local\Temp\surefire4087075012433230168\surefirebooter-20220816123851412_3.jar C:\Users\lasya\AppData\Local\Temp\surefire4087075012433230168 2022-08-16T12-38-48_722-jvmRun1 surefire-20220816123851412_1tmp surefire_0-20220816123851412_2tmp"/>
    <property name="jdk.debug" value="release"/>
    <property name="surefire.test.class.path" value="C:\sprintttt\Superheros\target\test-classes;C:\sprintttt\Superheros\target\classes;C:\Users\lasya\.m2\repository\io\rest-assured\rest-assured\5.1.1\rest-assured-5.1.1.jar;C:\Users\lasya\.m2\repository\org\apache\groovy\groovy\4.0.1\groovy-4.0.1.jar;C:\Users\lasya\.m2\repository\org\apache\groovy\groovy-xml\4.0.1\groovy-xml-4.0.1.jar;C:\Users\lasya\.m2\repository\org\apache\httpcomponents\httpclient\4.5.13\httpclient-4.5.13.jar;C:\Users\lasya\.m2\repository\org\apache\httpcomponents\httpcore\4.4.13\httpcore-4.4.13.jar;C:\Users\lasya\.m2\repository\commons-logging\commons-logging\1.2\commons-logging-1.2.jar;C:\Users\lasya\.m2\repository\commons-codec\commons-codec\1.11\commons-codec-1.11.jar;C:\Users\lasya\.m2\repository\org\apache\httpcomponents\httpmime\4.5.13\httpmime-4.5.13.jar;C:\Users\lasya\.m2\repository\org\hamcrest\hamcrest\2.1\hamcrest-2.1.jar;C:\Users\lasya\.m2\repository\org\ccil\cowan\tagsoup\tagsoup\1.2.1\tagsoup-1.2.1.jar;C:\Users\lasya\.m2\repository\io\rest-assured\json-path\5.1.1\json-path-5.1.1.jar;C:\Users\lasya\.m2\repository\org\apache\groovy\groovy-json\4.0.1\groovy-json-4.0.1.jar;C:\Users\lasya\.m2\repository\io\rest-assured\rest-assured-common\5.1.1\rest-assured-common-5.1.1.jar;C:\Users\lasya\.m2\repository\io\rest-assured\xml-path\5.1.1\xml-path-5.1.1.jar;C:\Users\lasya\.m2\repository\org\apache\commons\commons-lang3\3.11\commons-lang3-3.11.jar;C:\Users\lasya\.m2\repository\org\testng\testng\7.6.1\testng-7.6.1.jar;C:\Users\lasya\.m2\repository\com\google\code\findbugs\jsr305\3.0.2\jsr305-3.0.2.jar;C:\Users\lasya\.m2\repository\org\slf4j\slf4j-api\1.7.36\slf4j-api-1.7.36.jar;C:\Users\lasya\.m2\repository\com\beust\jcommander\1.82\jcommander-1.82.jar;C:\Users\lasya\.m2\repository\org\webjars\jquery\3.6.0\jquery-3.6.0.jar;C:\Users\lasya\.m2\repository\com\fasterxml\jackson\core\jackson-core\2.13.2\jackson-core-2.13.2.jar;C:\Users\lasya\.m2\repository\com\fasterxml\jackson\core\jackson-databind\2.13.2.2\jackson-databind-2.13.2.2.jar;C:\Users\lasya\.m2\repository\com\fasterxml\jackson\core\jackson-annotations\2.13.2\jackson-annotations-2.13.2.jar;C:\Users\lasya\.m2\repository\org\projectlombok\lombok\1.18.24\lombok-1.18.24.jar;C:\Users\lasya\.m2\repository\com\googlecode\json-simple\json-simple\1.1.1\json-simple-1.1.1.jar;C:\Users\lasya\.m2\repository\junit\junit\4.10\junit-4.10.jar;C:\Users\lasya\.m2\repository\org\hamcrest\hamcrest-core\1.1\hamcrest-core-1.1.jar;C:\Users\lasya\.m2\repository\io\rest-assured\json-schema-validator\5.1.1\json-schema-validator-5.1.1.jar;C:\Users\lasya\.m2\repository\com\github\java-json-tools\json-schema-validator\2.2.14\json-schema-validator-2.2.14.jar;C:\Users\lasya\.m2\repository\com\google\guava\guava\28.2-android\guava-28.2-android.jar;C:\Users\lasya\.m2\repository\com\google\guava\failureaccess\1.0.1\failureaccess-1.0.1.jar;C:\Users\lasya\.m2\repository\com\google\guava\listenablefuture\9999.0-empty-to-avoid-conflict-with-guava\listenablefuture-9999.0-empty-to-avoid-conflict-with-guava.jar;C:\Users\lasya\.m2\repository\org\checkerframework\checker-compat-qual\2.5.5\checker-compat-qual-2.5.5.jar;C:\Users\lasya\.m2\repository\com\google\errorprone\error_prone_annotations\2.3.4\error_prone_annotations-2.3.4.jar;C:\Users\lasya\.m2\repository\com\google\j2objc\j2objc-annotations\1.3\j2objc-annotations-1.3.jar;C:\Users\lasya\.m2\repository\com\github\java-json-tools\jackson-coreutils-equivalence\1.0\jackson-coreutils-equivalence-1.0.jar;C:\Users\lasya\.m2\repository\com\github\java-json-tools\jackson-coreutils\2.0\jackson-coreutils-2.0.jar;C:\Users\lasya\.m2\repository\com\github\java-json-tools\msg-simple\1.2\msg-simple-1.2.jar;C:\Users\lasya\.m2\repository\com\github\java-json-tools\btf\1.3\btf-1.3.jar;C:\Users\lasya\.m2\repository\com\github\java-json-tools\json-schema-core\1.2.14\json-schema-core-1.2.14.jar;C:\Users\lasya\.m2\repository\com\github\java-json-tools\uri-template\0.10\uri-template-0.10.jar;C:\Users\lasya\.m2\repository\org\mozilla\rhino\1.7.7.2\rhino-1.7.7.2.jar;C:\Users\lasya\.m2\repository\com\sun\mail\mailapi\1.6.2\mailapi-1.6.2.jar;C:\Users\lasya\.m2\repository\joda-time\joda-time\2.10.5\joda-time-2.10.5.jar;C:\Users\lasya\.m2\repository\com\googlecode\libphonenumber\libphonenumber\8.11.1\libphonenumber-8.11.1.jar;C:\Users\lasya\.m2\repository\net\sf\jopt-simple\jopt-simple\5.0.4\jopt-simple-5.0.4.jar;C:\Users\lasya\.m2\repository\io\cucumber\cucumber-java\6.9.1\cucumber-java-6.9.1.jar;C:\Users\lasya\.m2\repository\io\cucumber\cucumber-core\6.9.1\cucumber-core-6.9.1.jar;C:\Users\lasya\.m2\repository\io\cucumber\cucumber-gherkin\6.9.1\cucumber-gherkin-6.9.1.jar;C:\Users\lasya\.m2\repository\io\cucumber\cucumber-gherkin-messages\6.9.1\cucumber-gherkin-messages-6.9.1.jar;C:\Users\lasya\.m2\repository\io\cucumber\messages\13.2.1\messages-13.2.1.jar;C:\Users\lasya\.m2\repository\io\cucumber\tag-expressions\3.0.0\tag-expressions-3.0.0.jar;C:\Users\lasya\.m2\repository\io\cucumber\cucumber-expressions\10.3.0\cucumber-expressions-10.3.0.jar;C:\Users\lasya\.m2\repository\io\cucumber\datatable\3.5.0\datatable-3.5.0.jar;C:\Users\lasya\.m2\repository\io\cucumber\cucumber-plugin\6.9.1\cucumber-plugin-6.9.1.jar;C:\Users\lasya\.m2\repository\io\cucumber\docstring\6.9.1\docstring-6.9.1.jar;C:\Users\lasya\.m2\repository\io\cucumber\html-formatter\9.0.0\html-formatter-9.0.0.jar;C:\Users\lasya\.m2\repository\io\cucumber\create-meta\2.0.4\create-meta-2.0.4.jar;C:\Users\lasya\.m2\repository\org\apiguardian\apiguardian-api\1.1.0\apiguardian-api-1.1.0.jar;C:\Users\lasya\.m2\repository\io\cucumber\cucumber-testng\6.9.1\cucumber-testng-6.9.1.jar;C:\Users\lasya\.m2\repository\org\apache\maven\plugins\maven-surefire-plugin\3.0.0-M7\maven-surefire-plugin-3.0.0-M7.jar;C:\Users\lasya\.m2\repository\org\apache\maven\surefire\maven-surefire-common\3.0.0-M7\maven-surefire-common-3.0.0-M7.jar;C:\Users\lasya\.m2\repository\org\apache\maven\surefire\surefire-api\3.0.0-M7\surefire-api-3.0.0-M7.jar;C:\Users\lasya\.m2\repository\org\apache\maven\surefire\surefire-logger-api\3.0.0-M7\surefire-logger-api-3.0.0-M7.jar;C:\Users\lasya\.m2\repository\org\apache\maven\surefire\surefire-extensions-api\3.0.0-M7\surefire-extensions-api-3.0.0-M7.jar;C:\Users\lasya\.m2\repository\org\apache\maven\surefire\surefire-booter\3.0.0-M7\surefire-booter-3.0.0-M7.jar;C:\Users\lasya\.m2\repository\org\apache\maven\surefire\surefire-extensions-spi\3.0.0-M7\surefire-extensions-spi-3.0.0-M7.jar;C:\Users\lasya\.m2\repository\org\apache\maven\shared\maven-common-artifact-filters\3.1.1\maven-common-artifact-filters-3.1.1.jar;C:\Users\lasya\.m2\repository\org\apache\maven\maven-artifact\3.1.0\maven-artifact-3.1.0.jar;C:\Users\lasya\.m2\repository\org\codehaus\plexus\plexus-utils\3.0.10\plexus-utils-3.0.10.jar;C:\Users\lasya\.m2\repository\org\apache\maven\maven-core\3.1.0\maven-core-3.1.0.jar;C:\Users\lasya\.m2\repository\org\apache\maven\maven-settings\3.1.0\maven-settings-3.1.0.jar;C:\Users\lasya\.m2\repository\org\apache\maven\maven-settings-builder\3.1.0\maven-settings-builder-3.1.0.jar;C:\Users\lasya\.m2\repository\org\apache\maven\maven-repository-metadata\3.1.0\maven-repository-metadata-3.1.0.jar;C:\Users\lasya\.m2\repository\org\apache\maven\maven-model-builder\3.1.0\maven-model-builder-3.1.0.jar;C:\Users\lasya\.m2\repository\org\apache\maven\maven-aether-provider\3.1.0\maven-aether-provider-3.1.0.jar;C:\Users\lasya\.m2\repository\org\eclipse\aether\aether-spi\0.9.0.M2\aether-spi-0.9.0.M2.jar;C:\Users\lasya\.m2\repository\org\eclipse\aether\aether-impl\0.9.0.M2\aether-impl-0.9.0.M2.jar;C:\Users\lasya\.m2\repository\org\eclipse\aether\aether-api\0.9.0.M2\aether-api-0.9.0.M2.jar;C:\Users\lasya\.m2\repository\org\eclipse\aether\aether-util\0.9.0.M2\aether-util-0.9.0.M2.jar;C:\Users\lasya\.m2\repository\org\eclipse\sisu\org.eclipse.sisu.plexus\0.0.0.M2a\org.eclipse.sisu.plexus-0.0.0.M2a.jar;C:\Users\lasya\.m2\repository\javax\enterprise\cdi-api\1.0\cdi-api-1.0.jar;C:\Users\lasya\.m2\repository\javax\annotation\jsr250-api\1.0\jsr250-api-1.0.jar;C:\Users\lasya\.m2\repository\javax\inject\javax.inject\1\javax.inject-1.jar;C:\Users\lasya\.m2\repository\org\sonatype\sisu\sisu-guice\3.1.0\sisu-guice-3.1.0-no_aop.jar;C:\Users\lasya\.m2\repository\aopalliance\aopalliance\1.0\aopalliance-1.0.jar;C:\Users\lasya\.m2\repository\org\eclipse\sisu\org.eclipse.sisu.inject\0.0.0.M2a\org.eclipse.sisu.inject-0.0.0.M2a.jar;C:\Users\lasya\.m2\repository\asm\asm\3.3.1\asm-3.3.1.jar;C:\Users\lasya\.m2\repository\org\codehaus\plexus\plexus-interpolation\1.16\plexus-interpolation-1.16.jar;C:\Users\lasya\.m2\repository\org\codehaus\plexus\plexus-classworlds\2.4.2\plexus-classworlds-2.4.2.jar;C:\Users\lasya\.m2\repository\org\codehaus\plexus\plexus-component-annotations\1.5.5\plexus-component-annotations-1.5.5.jar;C:\Users\lasya\.m2\repository\org\sonatype\plexus\plexus-sec-dispatcher\1.3\plexus-sec-dispatcher-1.3.jar;C:\Users\lasya\.m2\repository\org\sonatype\plexus\plexus-cipher\1.4\plexus-cipher-1.4.jar;C:\Users\lasya\.m2\repository\org\apache\maven\maven-plugin-api\3.1.0\maven-plugin-api-3.1.0.jar;C:\Users\lasya\.m2\repository\commons-io\commons-io\2.6\commons-io-2.6.jar;C:\Users\lasya\.m2\repository\org\codehaus\plexus\plexus-java\1.1.1\plexus-java-1.1.1.jar;C:\Users\lasya\.m2\repository\org\ow2\asm\asm\9.2\asm-9.2.jar;C:\Users\lasya\.m2\repository\com\thoughtworks\qdox\qdox\2.0.1\qdox-2.0.1.jar;C:\Users\lasya\.m2\repository\org\apache\maven\surefire\surefire-shared-utils\3.0.0-M7\surefire-shared-utils-3.0.0-M7.jar;"/>
    <property name="sun.cpu.endian" value="little"/>
    <property name="user.home" value="C:\Users\lasya"/>
    <property name="user.language" value="en"/>
    <property name="java.specification.vendor" value="Oracle Corporation"/>
    <property name="java.version.date" value="2022-04-22"/>
    <property name="java.home" value="C:\Program Files\Java\jdk-18.0.1.1"/>
    <property name="file.separator" value="\"/>
    <property name="basedir" value="C:\sprintttt\Superheros"/>
    <property name="java.vm.compressedOopsMode" value="32-bit"/>
    <property name="line.separator" value="&#10;"/>
    <property name="java.vm.specification.vendor" value="Oracle Corporation"/>
    <property name="java.specification.name" value="Java Platform API Specification"/>
    <property name="surefire.real.class.path" value="C:\Users\lasya\AppData\Local\Temp\surefire4087075012433230168\surefirebooter-20220816123851412_3.jar"/>
    <property name="user.script" value=""/>
    <property name="sun.management.compiler" value="HotSpot 64-Bit Tiered Compilers"/>
    <property name="java.runtime.version" value="18.0.1.1+2-6"/>
    <property name="user.name" value="lasya"/>
    <property name="path.separator" value=";"/>
    <property name="os.version" value="10.0"/>
    <property name="java.runtime.name" value="Java(TM) SE Runtime Environment"/>
    <property name="file.encoding" value="UTF-8"/>
    <property name="java.vm.name" value="Java HotSpot(TM) 64-Bit Server VM"/>
    <property name="localRepository" value="C:\Users\lasya\.m2\repository"/>
    <property name="java.vendor.url.bug" value="https://bugreport.java.com/bugreport/"/>
    <property name="java.io.tmpdir" value="C:\Users\lasya\AppData\Local\Temp\"/>
    <property name="java.version" value="18.0.1.1"/>
    <property name="user.dir" value="C:\sprintttt\Superheros"/>
    <property name="os.arch" value="amd64"/>
    <property name="java.vm.specification.name" value="Java Virtual Machine Specification"/>
    <property name="sun.os.patch.level" value=""/>
    <property name="native.encoding" value="Cp1252"/>
    <property name="java.library.path" value="C:\Program Files\Java\jdk-18.0.1.1\bin;C:\WINDOWS\Sun\Java\bin;C:\WINDOWS\system32;C:\WINDOWS;C:\Python310\Scripts\;C:\Python310\;C:\Program Files\Common Files\Oracle\Java\javapath;C:\oraclexe\app\oracle\product\11.2.0\server\bin;C:\WINDOWS\system32;C:\WINDOWS;C:\WINDOWS\System32\Wbem;C:\WINDOWS\System32\WindowsPowerShell\v1.0\;C:\WINDOWS\System32\OpenSSH\;C:\Program Files\Microsoft SQL Server\Client SDK\ODBC\170\Tools\Binn\;C:\Program Files (x86)\Microsoft SQL Server\150\Tools\Binn\;C:\Program Files\Microsoft SQL Server\150\Tools\Binn\;C:\Program Files\Microsoft SQL Server\150\DTS\Binn\;C:\Program Files (x86)\Microsoft SQL Server\150\DTS\Binn\;C:\Program Files\Azure Data Studio\bin;C:\Users\lasya\Downloads;C:\Program Files\nodejs\;C:\ProgramData\chocolatey\bin;C:\Program Files\Git\cmd;C:\Users\lasya\AppData\Local\Microsoft\WindowsApps;C:\Program Files\Azure Data Studio\bin;C:\Program Files\JetBrains\IntelliJ IDEA 2022.1.4\bin;;C:\Users\lasya\Downloads\mavenhome\apache-maven-3.8.6\bin;C:\Users\lasya\AppData\Roaming\npm;C:\Program Files\JetBrains\IntelliJ IDEA Community Edition 2022.1.4\bin;;C:\Users\lasya\AppData\Local\GitHubDesktop\bin;."/>
    <property name="java.vm.info" value="mixed mode, sharing"/>
    <property name="java.vendor" value="Oracle Corporation"/>
    <property name="java.vm.version" value="18.0.1.1+2-6"/>
    <property name="sun.io.unicode.encoding" value="UnicodeLittle"/>
    <property name="java.class.version" value="62.0"/>
  </properties>
  <testcase name="runScenario[&quot;Verify that user is created&quot;, &quot;Optional[Super Heroes]&quot;](1)" classname="runner.TestRunner" time="7.783">
    <system-out><![CDATA[
Scenario: Verify that user is created &amp#27;[90m# src/test/java/features/SuperHeros.feature:7&amp#27;[0m
  &amp#27;[32mGiven &amp#27;[0m&amp#27;[32mUser Details&amp#27;[0m                  &amp#27;[90m# stepdefination.MyStepdefs.userDetails()&amp#27;[0m
Request method:	POST
Request URI:	http://localhost:8090/heroes
Proxy:			<none>
Request params:	<none>
Query params:	<none>
Form params:	<none>
Path params:	<none>
Headers:		Accept=application/json
				Authorization=Basic dXNlcm5hbWU6cGFzc3dvcmQ=
				Content-Type=application/json
Cookies:		<none>
Multiparts:		<none>
Body:
{
    "id": 0,
    "name": "Tony",
    "superName": "Iron Man",
    "profession": "Business",
    "age": 50,
    "canFly": true
}
HTTP/1.1 201 
Set-Cookie: JSESSIONID=58EEAA5F7281B544C7156CB00599B16D; Path=/; HttpOnly
Location: http://localhost:8090/12
X-Content-Type-Options: nosniff
X-XSS-Protection: 1; mode=block
Cache-Control: no-cache, no-store, max-age=0, must-revalidate
Pragma: no-cache
Expires: 0
X-Frame-Options: DENY
Content-Type: application/json
Transfer-Encoding: chunked
Date: Tue, 16 Aug 2022 07:09:19 GMT
Keep-Alive: timeout=60
Connection: keep-alive

{
    "id": 12,
    "name": "Tony",
    "superName": "Iron Man",
    "profession": "Business",
    "age": 50,
    "canFly": true
}
  &amp#27;[32mWhen &amp#27;[0m&amp#27;[32mcreating a User&amp#27;[0m                &amp#27;[90m# stepdefination.MyStepdefs.creatingAUser()&amp#27;[0m
  &amp#27;[32mThen &amp#27;[0m&amp#27;[32mUser must  be Created&amp#27;[0m          &amp#27;[90m# stepdefination.MyStepdefs.userMustBeCreated()&amp#27;[0m
]]></system-out>
    <system-err><![CDATA[SLF4J: Failed to load class "org.slf4j.impl.StaticLoggerBinder".
SLF4J: Defaulting to no-operation (NOP) logger implementation
SLF4J: See http://www.slf4j.org/codes.html#StaticLoggerBinder for further details.
]]></system-err>
  </testcase>
  <testcase name="runScenario[&quot;Verify that the user   cant  create a name&quot;, &quot;Optional[Super Heroes]&quot;](2)" classname="runner.TestRunner" time="2.323">
    <system-out><![CDATA[
Scenario: Verify that the user   cant  create a name &amp#27;[90m# src/test/java/features/SuperHeros.feature:12&amp#27;[0m
  &amp#27;[32mGiven &amp#27;[0m&amp#27;[32mUser Details&amp#27;[0m                                 &amp#27;[90m# stepdefination.MyStepdefs.userDetails()&amp#27;[0m
Request method:	POST
Request URI:	http://localhost:8090/heroes
Proxy:			<none>
Request params:	<none>
Query params:	<none>
Form params:	<none>
Path params:	<none>
Headers:		Accept=application/json
				Authorization=Basic dXNlcm5hbWU6cGFzc3dvcmQ=
				Content-Type=application/json
Cookies:		<none>
Multiparts:		<none>
Body:
{
    "id": 0,
    "name": null,
    "superName": "Iron Man",
    "profession": "Business",
    "age": 50,
    "canFly": true
}
HTTP/1.1 400 
Set-Cookie: JSESSIONID=58BC52709F84499B8716E412AADAA127; Path=/; HttpOnly
X-Content-Type-Options: nosniff
X-XSS-Protection: 1; mode=block
Cache-Control: no-cache, no-store, max-age=0, must-revalidate
Pragma: no-cache
Expires: 0
X-Frame-Options: DENY
Content-Type: application/json
Transfer-Encoding: chunked
Date: Tue, 16 Aug 2022 07:09:21 GMT
Connection: close

{
    "message": "Name is required"
}
  &amp#27;[32mWhen &amp#27;[0m&amp#27;[32mcreating a user with null name&amp#27;[0m                &amp#27;[90m# stepdefination.MyStepdefs.creatingAUserWithNullName()&amp#27;[0m
  &amp#27;[32mThen &amp#27;[0m&amp#27;[32mName is required error appears&amp#27;[0m                &amp#27;[90m# stepdefination.MyStepdefs.nameIsRequiredErrorAppears()&amp#27;[0m
]]></system-out>
  </testcase>
  <testcase name="runScenario[&quot;Verify that the user cant create a super name&quot;, &quot;Optional[Super Heroes]&quot;](3)" classname="runner.TestRunner" time="0.493">
    <system-out><![CDATA[
Scenario: Verify that the user cant create a super name &amp#27;[90m# src/test/java/features/SuperHeros.feature:16&amp#27;[0m
  &amp#27;[32mGiven &amp#27;[0m&amp#27;[32mUser Details&amp#27;[0m                                    &amp#27;[90m# stepdefination.MyStepdefs.userDetails()&amp#27;[0m
Request method:	POST
Request URI:	http://localhost:8090/heroes
Proxy:			<none>
Request params:	<none>
Query params:	<none>
Form params:	<none>
Path params:	<none>
Headers:		Accept=application/json
				Authorization=Basic dXNlcm5hbWU6cGFzc3dvcmQ=
				Content-Type=application/json
Cookies:		<none>
Multiparts:		<none>
Body:
{
    "id": 0,
    "name": "Tony",
    "superName": null,
    "profession": "Business",
    "age": 50,
    "canFly": true
}
HTTP/1.1 400 
Set-Cookie: JSESSIONID=2A599EA372FB4D9FDEA33F9DE5717CEB; Path=/; HttpOnly
X-Content-Type-Options: nosniff
X-XSS-Protection: 1; mode=block
Cache-Control: no-cache, no-store, max-age=0, must-revalidate
Pragma: no-cache
Expires: 0
X-Frame-Options: DENY
Content-Type: application/json
Transfer-Encoding: chunked
Date: Tue, 16 Aug 2022 07:09:23 GMT
Connection: close

{
    "message": "Super Name is required"
}
  &amp#27;[32mWhen &amp#27;[0m&amp#27;[32mCreating a user with null super name&amp#27;[0m             &amp#27;[90m# stepdefination.MyStepdefs.creatingAUserWithNullSuperName()&amp#27;[0m
  &amp#27;[32mThen &amp#27;[0m&amp#27;[32mSuper name is required error appears&amp#27;[0m             &amp#27;[90m# stepdefination.MyStepdefs.superNameIsRequiredErrorAppears()&amp#27;[0m
]]></system-out>
  </testcase>
  <testcase name="runScenario[&quot;Verify that the user cant create a profession&quot;, &quot;Optional[Super Heroes]&quot;](4)" classname="runner.TestRunner" time="0.557">
    <system-out><![CDATA[
Scenario: Verify that the user cant create a profession &amp#27;[90m# src/test/java/features/SuperHeros.feature:20&amp#27;[0m
  &amp#27;[32mGiven &amp#27;[0m&amp#27;[32mUser Details&amp#27;[0m                                    &amp#27;[90m# stepdefination.MyStepdefs.userDetails()&amp#27;[0m
Request method:	POST
Request URI:	http://localhost:8090/heroes
Proxy:			<none>
Request params:	<none>
Query params:	<none>
Form params:	<none>
Path params:	<none>
Headers:		Accept=application/json
				Authorization=Basic dXNlcm5hbWU6cGFzc3dvcmQ=
				Content-Type=application/json
Cookies:		<none>
Multiparts:		<none>
Body:
{
    "id": 0,
    "name": "Tony",
    "superName": "Iron Man",
    "profession": null,
    "age": 50,
    "canFly": true
}
HTTP/1.1 400 
Set-Cookie: JSESSIONID=72C7BF5D57782D5CA17C9DBB62A82479; Path=/; HttpOnly
X-Content-Type-Options: nosniff
X-XSS-Protection: 1; mode=block
Cache-Control: no-cache, no-store, max-age=0, must-revalidate
Pragma: no-cache
Expires: 0
X-Frame-Options: DENY
Content-Type: application/json
Transfer-Encoding: chunked
Date: Tue, 16 Aug 2022 07:09:23 GMT
Connection: close

{
    "message": "Profession is required"
}
  &amp#27;[32mWhen &amp#27;[0m&amp#27;[32mCreating user with null profession&amp#27;[0m               &amp#27;[90m# stepdefination.MyStepdefs.creatingUserWithNullProfession()&amp#27;[0m
  &amp#27;[32mThen &amp#27;[0m&amp#27;[32mprofession is required error appears&amp#27;[0m             &amp#27;[90m# stepdefination.MyStepdefs.professionIsRequiredErrorAppears()&amp#27;[0m
]]></system-out>
  </testcase>
  <testcase name="runScenario[&quot;Verify that the user cant create  age&quot;, &quot;Optional[Super Heroes]&quot;](5)" classname="runner.TestRunner" time="1.113">
    <system-out><![CDATA[
Scenario: Verify that the user cant create  age &amp#27;[90m# src/test/java/features/SuperHeros.feature:25&amp#27;[0m
  &amp#27;[32mGiven &amp#27;[0m&amp#27;[32mUser Details&amp#27;[0m                            &amp#27;[90m# stepdefination.MyStepdefs.userDetails()&amp#27;[0m
Request method:	POST
Request URI:	http://localhost:8090/heroes
Proxy:			<none>
Request params:	<none>
Query params:	<none>
Form params:	<none>
Path params:	<none>
Headers:		Accept=application/json
				Authorization=Basic dXNlcm5hbWU6cGFzc3dvcmQ=
				Content-Type=application/json
Cookies:		<none>
Multiparts:		<none>
Body:
{
    "id": 0,
    "name": "Tony",
    "superName": "Iron Man",
    "profession": "Business",
    "age": 0,
    "canFly": true
}
HTTP/1.1 400 
Set-Cookie: JSESSIONID=A3E53F19C805B54F31E7B1FC6F3B0C19; Path=/; HttpOnly
X-Content-Type-Options: nosniff
X-XSS-Protection: 1; mode=block
Cache-Control: no-cache, no-store, max-age=0, must-revalidate
Pragma: no-cache
Expires: 0
X-Frame-Options: DENY
Content-Type: application/json
Transfer-Encoding: chunked
Date: Tue, 16 Aug 2022 07:09:24 GMT
Connection: close

{
    "message": "Age is required"
}
  &amp#27;[32mWhen &amp#27;[0m&amp#27;[32mCreating user with null age&amp#27;[0m              &amp#27;[90m# stepdefination.MyStepdefs.creatingUserWithNullAge()&amp#27;[0m
  &amp#27;[32mThen &amp#27;[0m&amp#27;[32mAge is required error appears&amp#27;[0m            &amp#27;[90m# stepdefination.MyStepdefs.ageIsRequiredErrorAppears()&amp#27;[0m
]]></system-out>
  </testcase>
  <testcase name="runScenario[&quot;Verify that the user cant create  canFly status&quot;, &quot;Optional[Super Heroes]&quot;](6)" classname="runner.TestRunner" time="1.222">
    <system-out><![CDATA[
Scenario: Verify that the user cant create  canFly status &amp#27;[90m# src/test/java/features/SuperHeros.feature:29&amp#27;[0m
  &amp#27;[32mGiven &amp#27;[0m&amp#27;[32mUser Details&amp#27;[0m                                      &amp#27;[90m# stepdefination.MyStepdefs.userDetails()&amp#27;[0m
Request method:	POST
Request URI:	http://localhost:8090/heroes
Proxy:			<none>
Request params:	<none>
Query params:	<none>
Form params:	<none>
Path params:	<none>
Headers:		Accept=application/json
				Authorization=Basic dXNlcm5hbWU6cGFzc3dvcmQ=
				Content-Type=application/json
Cookies:		<none>
Multiparts:		<none>
Body:
{
    "id": 0,
    "name": "Tony",
    "superName": "Iron Man",
    "profession": "Business",
    "age": 50,
    "canFly": false
}
HTTP/1.1 201 
Set-Cookie: JSESSIONID=3EB78A4D16F671B58F754E5DC03A5F20; Path=/; HttpOnly
Location: http://localhost:8090/13
X-Content-Type-Options: nosniff
X-XSS-Protection: 1; mode=block
Cache-Control: no-cache, no-store, max-age=0, must-revalidate
Pragma: no-cache
Expires: 0
X-Frame-Options: DENY
Content-Type: application/json
Transfer-Encoding: chunked
Date: Tue, 16 Aug 2022 07:09:26 GMT
Keep-Alive: timeout=60
Connection: keep-alive

{
    "id": 13,
    "name": "Tony",
    "superName": "Iron Man",
    "profession": "Business",
    "age": 50,
    "canFly": false
}
  &amp#27;[32mWhen &amp#27;[0m&amp#27;[32mCreating user with blank canFly&amp#27;[0m                    &amp#27;[90m# stepdefination.MyStepdefs.creatingUserWithBlankCanFly()&amp#27;[0m
  &amp#27;[32mThen &amp#27;[0m&amp#27;[32mUser must Created&amp#27;[0m                                  &amp#27;[90m# stepdefination.MyStepdefs.userMustCreated()&amp#27;[0m
]]></system-out>
  </testcase>
  <testcase name="runScenario[&quot;Verify that the user name is updated&quot;, &quot;Optional[Super Heroes]&quot;](7)" classname="runner.TestRunner" time="1.087">
    <system-out><![CDATA[
Scenario: Verify that the user name is updated &amp#27;[90m# src/test/java/features/SuperHeros.feature:33&amp#27;[0m
  &amp#27;[32mGiven &amp#27;[0m&amp#27;[32mUser Details&amp#27;[0m                           &amp#27;[90m# stepdefination.MyStepdefs.userDetails()&amp#27;[0m
Request method:	POST
Request URI:	http://localhost:8090/heroes
Proxy:			<none>
Request params:	<none>
Query params:	<none>
Form params:	<none>
Path params:	<none>
Headers:		Accept=application/json
				Authorization=Basic dXNlcm5hbWU6cGFzc3dvcmQ=
				Content-Type=application/json
Cookies:		<none>
Multiparts:		<none>
Body:
{
    "id": 0,
    "name": "Tony",
    "superName": "Iron Man",
    "profession": "Business",
    "age": 50,
    "canFly": true
}
HTTP/1.1 201 
Set-Cookie: JSESSIONID=169E341FDE2E0D80E446DB3408E4B040; Path=/; HttpOnly
Location: http://localhost:8090/14
X-Content-Type-Options: nosniff
X-XSS-Protection: 1; mode=block
Cache-Control: no-cache, no-store, max-age=0, must-revalidate
Pragma: no-cache
Expires: 0
X-Frame-Options: DENY
Content-Type: application/json
Transfer-Encoding: chunked
Date: Tue, 16 Aug 2022 07:09:26 GMT
Keep-Alive: timeout=60
Connection: keep-alive

{
    "id": 14,
    "name": "Tony",
    "superName": "Iron Man",
    "profession": "Business",
    "age": 50,
    "canFly": true
}
  &amp#27;[32mWhen &amp#27;[0m&amp#27;[32mcreating a User&amp#27;[0m                         &amp#27;[90m# stepdefination.MyStepdefs.creatingAUser()&amp#27;[0m
Request method:	PUT
Request URI:	http://localhost:8090/heroes/14
Proxy:			<none>
Request params:	<none>
Query params:	<none>
Form params:	<none>
Path params:	<none>
Headers:		Accept=application/json
				Authorization=Basic dXNlcm5hbWU6cGFzc3dvcmQ=
				Content-Type=application/json
Cookies:		<none>
Multiparts:		<none>
Body:
{
    "id": 0,
    "name": "xxx",
    "superName": "Iron Man",
    "profession": "Business",
    "age": 50,
    "canFly": true
}
HTTP/1.1 200 
Set-Cookie: JSESSIONID=B6D606054F8A1D129E4B8F3E8BD2A4F6; Path=/; HttpOnly
X-Content-Type-Options: nosniff
X-XSS-Protection: 1; mode=block
Cache-Control: no-cache, no-store, max-age=0, must-revalidate
Pragma: no-cache
Expires: 0
X-Frame-Options: DENY
Content-Type: application/json
Transfer-Encoding: chunked
Date: Tue, 16 Aug 2022 07:09:27 GMT
Keep-Alive: timeout=60
Connection: keep-alive

{
    "id": 14,
    "name": "xxx",
    "superName": "Iron Man",
    "profession": "Business",
    "age": 50,
    "canFly": true
}
  &amp#27;[32mAnd &amp#27;[0m&amp#27;[32mupdating a user name&amp#27;[0m                     &amp#27;[90m# stepdefination.MyStepdefs.updatingAUserName()&amp#27;[0m
  &amp#27;[32mThen &amp#27;[0m&amp#27;[32mUser name must be updated&amp#27;[0m               &amp#27;[90m# stepdefination.MyStepdefs.userNameMustBeUpdated()&amp#27;[0m
]]></system-out>
  </testcase>
  <testcase name="runScenario[&quot;Verify that the user super name is updated&quot;, &quot;Optional[Super Heroes]&quot;](8)" classname="runner.TestRunner" time="1.138">
    <system-out><![CDATA[
Scenario: Verify that the user super name is updated &amp#27;[90m# src/test/java/features/SuperHeros.feature:38&amp#27;[0m
  &amp#27;[32mGiven &amp#27;[0m&amp#27;[32mUser Details&amp#27;[0m                                 &amp#27;[90m# stepdefination.MyStepdefs.userDetails()&amp#27;[0m
Request method:	POST
Request URI:	http://localhost:8090/heroes
Proxy:			<none>
Request params:	<none>
Query params:	<none>
Form params:	<none>
Path params:	<none>
Headers:		Accept=application/json
				Authorization=Basic dXNlcm5hbWU6cGFzc3dvcmQ=
				Content-Type=application/json
Cookies:		<none>
Multiparts:		<none>
Body:
{
    "id": 0,
    "name": "Tony",
    "superName": "Iron Man",
    "profession": "Business",
    "age": 50,
    "canFly": true
}
HTTP/1.1 201 
Set-Cookie: JSESSIONID=B4C2526F6F22B1E786514482F9660E06; Path=/; HttpOnly
Location: http://localhost:8090/15
X-Content-Type-Options: nosniff
X-XSS-Protection: 1; mode=block
Cache-Control: no-cache, no-store, max-age=0, must-revalidate
Pragma: no-cache
Expires: 0
X-Frame-Options: DENY
Content-Type: application/json
Transfer-Encoding: chunked
Date: Tue, 16 Aug 2022 07:09:27 GMT
Keep-Alive: timeout=60
Connection: keep-alive

{
    "id": 15,
    "name": "Tony",
    "superName": "Iron Man",
    "profession": "Business",
    "age": 50,
    "canFly": true
}
  &amp#27;[32mWhen &amp#27;[0m&amp#27;[32mcreating a User&amp#27;[0m                               &amp#27;[90m# stepdefination.MyStepdefs.creatingAUser()&amp#27;[0m
Request method:	PUT
Request URI:	http://localhost:8090/heroes/15
Proxy:			<none>
Request params:	<none>
Query params:	<none>
Form params:	<none>
Path params:	<none>
Headers:		Accept=application/json
				Authorization=Basic dXNlcm5hbWU6cGFzc3dvcmQ=
				Content-Type=application/json
Cookies:		<none>
Multiparts:		<none>
Body:
{
    "id": 0,
    "name": "captain america",
    "superName": "Iron Man",
    "profession": "Business",
    "age": 50,
    "canFly": true
}
HTTP/1.1 200 
Set-Cookie: JSESSIONID=28FF24EAA864729D28588D0275098705; Path=/; HttpOnly
X-Content-Type-Options: nosniff
X-XSS-Protection: 1; mode=block
Cache-Control: no-cache, no-store, max-age=0, must-revalidate
Pragma: no-cache
Expires: 0
X-Frame-Options: DENY
Content-Type: application/json
Transfer-Encoding: chunked
Date: Tue, 16 Aug 2022 07:09:28 GMT
Keep-Alive: timeout=60
Connection: keep-alive

{
    "id": 15,
    "name": "captain america",
    "superName": "Iron Man",
    "profession": "Business",
    "age": 50,
    "canFly": true
}
  &amp#27;[32mAnd &amp#27;[0m&amp#27;[32mupdating super name&amp#27;[0m                            &amp#27;[90m# stepdefination.MyStepdefs.updatingSuperName()&amp#27;[0m
  &amp#27;[32mThen &amp#27;[0m&amp#27;[32mUser super name must be updated&amp#27;[0m               &amp#27;[90m# stepdefination.MyStepdefs.userSuperNameMustBeUpdated()&amp#27;[0m
]]></system-out>
  </testcase>
  <testcase name="runScenario[&quot;Verify that the user profession is updated&quot;, &quot;Optional[Super Heroes]&quot;](9)" classname="runner.TestRunner" time="0.94">
    <system-out><![CDATA[
Scenario: Verify that the user profession is updated &amp#27;[90m# src/test/java/features/SuperHeros.feature:43&amp#27;[0m
  &amp#27;[32mGiven &amp#27;[0m&amp#27;[32mUser Details&amp#27;[0m                                 &amp#27;[90m# stepdefination.MyStepdefs.userDetails()&amp#27;[0m
Request method:	POST
Request URI:	http://localhost:8090/heroes
Proxy:			<none>
Request params:	<none>
Query params:	<none>
Form params:	<none>
Path params:	<none>
Headers:		Accept=application/json
				Authorization=Basic dXNlcm5hbWU6cGFzc3dvcmQ=
				Content-Type=application/json
Cookies:		<none>
Multiparts:		<none>
Body:
{
    "id": 0,
    "name": "Tony",
    "superName": "Iron Man",
    "profession": "Business",
    "age": 50,
    "canFly": true
}
HTTP/1.1 201 
Set-Cookie: JSESSIONID=0BC1CD7F1FC75D283B45DA78EB82170F; Path=/; HttpOnly
Location: http://localhost:8090/16
X-Content-Type-Options: nosniff
X-XSS-Protection: 1; mode=block
Cache-Control: no-cache, no-store, max-age=0, must-revalidate
Pragma: no-cache
Expires: 0
X-Frame-Options: DENY
Content-Type: application/json
Transfer-Encoding: chunked
Date: Tue, 16 Aug 2022 07:09:28 GMT
Keep-Alive: timeout=60
Connection: keep-alive

{
    "id": 16,
    "name": "Tony",
    "superName": "Iron Man",
    "profession": "Business",
    "age": 50,
    "canFly": true
}
  &amp#27;[32mWhen &amp#27;[0m&amp#27;[32mcreating a User&amp#27;[0m                               &amp#27;[90m# stepdefination.MyStepdefs.creatingAUser()&amp#27;[0m
Request method:	PUT
Request URI:	http://localhost:8090/heroes/16
Proxy:			<none>
Request params:	<none>
Query params:	<none>
Form params:	<none>
Path params:	<none>
Headers:		Accept=application/json
				Authorization=Basic dXNlcm5hbWU6cGFzc3dvcmQ=
				Content-Type=application/json
Cookies:		<none>
Multiparts:		<none>
Body:
{
    "id": 0,
    "name": "Enterpreneur",
    "superName": "Iron Man",
    "profession": "Business",
    "age": 50,
    "canFly": true
}
HTTP/1.1 200 
Set-Cookie: JSESSIONID=7CCC005CF235AC4CCE33D5B6C3678381; Path=/; HttpOnly
X-Content-Type-Options: nosniff
X-XSS-Protection: 1; mode=block
Cache-Control: no-cache, no-store, max-age=0, must-revalidate
Pragma: no-cache
Expires: 0
X-Frame-Options: DENY
Content-Type: application/json
Transfer-Encoding: chunked
Date: Tue, 16 Aug 2022 07:09:28 GMT
Keep-Alive: timeout=60
Connection: keep-alive

{
    "id": 16,
    "name": "Enterpreneur",
    "superName": "Iron Man",
    "profession": "Business",
    "age": 50,
    "canFly": true
}
  &amp#27;[32mAnd &amp#27;[0m&amp#27;[32mupdating profession&amp#27;[0m                            &amp#27;[90m# stepdefination.MyStepdefs.updatingProfession()&amp#27;[0m
  &amp#27;[32mThen &amp#27;[0m&amp#27;[32mUser profession must be updated&amp#27;[0m               &amp#27;[90m# stepdefination.MyStepdefs.userProfessionMustBeUpdated()&amp#27;[0m
]]></system-out>
  </testcase>
  <testcase name="runScenario[&quot;Verify that the user age is updated&quot;, &quot;Optional[Super Heroes]&quot;](10)" classname="runner.TestRunner" time="0.884">
    <system-out><![CDATA[
Scenario: Verify that the user age is updated &amp#27;[90m# src/test/java/features/SuperHeros.feature:48&amp#27;[0m
  &amp#27;[32mGiven &amp#27;[0m&amp#27;[32mUser Details&amp#27;[0m                          &amp#27;[90m# stepdefination.MyStepdefs.userDetails()&amp#27;[0m
Request method:	POST
Request URI:	http://localhost:8090/heroes
Proxy:			<none>
Request params:	<none>
Query params:	<none>
Form params:	<none>
Path params:	<none>
Headers:		Accept=application/json
				Authorization=Basic dXNlcm5hbWU6cGFzc3dvcmQ=
				Content-Type=application/json
Cookies:		<none>
Multiparts:		<none>
Body:
{
    "id": 0,
    "name": "Tony",
    "superName": "Iron Man",
    "profession": "Business",
    "age": 50,
    "canFly": true
}
HTTP/1.1 201 
Set-Cookie: JSESSIONID=3CB8D9D233C6968F531A6DD5DC187334; Path=/; HttpOnly
Location: http://localhost:8090/17
X-Content-Type-Options: nosniff
X-XSS-Protection: 1; mode=block
Cache-Control: no-cache, no-store, max-age=0, must-revalidate
Pragma: no-cache
Expires: 0
X-Frame-Options: DENY
Content-Type: application/json
Transfer-Encoding: chunked
Date: Tue, 16 Aug 2022 07:09:29 GMT
Keep-Alive: timeout=60
Connection: keep-alive

{
    "id": 17,
    "name": "Tony",
    "superName": "Iron Man",
    "profession": "Business",
    "age": 50,
    "canFly": true
}
  &amp#27;[32mWhen &amp#27;[0m&amp#27;[32mcreating a User&amp#27;[0m                        &amp#27;[90m# stepdefination.MyStepdefs.creatingAUser()&amp#27;[0m
Request method:	PUT
Request URI:	http://localhost:8090/heroes/17
Proxy:			<none>
Request params:	<none>
Query params:	<none>
Form params:	<none>
Path params:	<none>
Headers:		Accept=application/json
				Authorization=Basic dXNlcm5hbWU6cGFzc3dvcmQ=
				Content-Type=application/json
Cookies:		<none>
Multiparts:		<none>
Body:
{
    "id": 0,
    "name": "Tony",
    "superName": "Iron Man",
    "profession": "Business",
    "age": 21,
    "canFly": true
}
HTTP/1.1 200 
Set-Cookie: JSESSIONID=1F6B5A3372AC4235FD6CFF29158ED991; Path=/; HttpOnly
X-Content-Type-Options: nosniff
X-XSS-Protection: 1; mode=block
Cache-Control: no-cache, no-store, max-age=0, must-revalidate
Pragma: no-cache
Expires: 0
X-Frame-Options: DENY
Content-Type: application/json
Transfer-Encoding: chunked
Date: Tue, 16 Aug 2022 07:09:29 GMT
Keep-Alive: timeout=60
Connection: keep-alive

{
    "id": 17,
    "name": "Tony",
    "superName": "Iron Man",
    "profession": "Business",
    "age": 21,
    "canFly": true
}
  &amp#27;[32mAnd &amp#27;[0m&amp#27;[32mupdating age&amp#27;[0m                            &amp#27;[90m# stepdefination.MyStepdefs.updatingAge()&amp#27;[0m
  &amp#27;[32mThen &amp#27;[0m&amp#27;[32mUser age must be updated&amp#27;[0m               &amp#27;[90m# stepdefination.MyStepdefs.userAgeMustBeUpdated()&amp#27;[0m
]]></system-out>
  </testcase>
  <testcase name="runScenario[&quot;Verify that the user canFly status is updated&quot;, &quot;Optional[Super Heroes]&quot;](11)" classname="runner.TestRunner" time="0.931">
    <system-out><![CDATA[
Scenario: Verify that the user canFly status is updated &amp#27;[90m# src/test/java/features/SuperHeros.feature:53&amp#27;[0m
  &amp#27;[32mGiven &amp#27;[0m&amp#27;[32mUser Details&amp#27;[0m                                    &amp#27;[90m# stepdefination.MyStepdefs.userDetails()&amp#27;[0m
Request method:	POST
Request URI:	http://localhost:8090/heroes
Proxy:			<none>
Request params:	<none>
Query params:	<none>
Form params:	<none>
Path params:	<none>
Headers:		Accept=application/json
				Authorization=Basic dXNlcm5hbWU6cGFzc3dvcmQ=
				Content-Type=application/json
Cookies:		<none>
Multiparts:		<none>
Body:
{
    "id": 0,
    "name": "Tony",
    "superName": "Iron Man",
    "profession": "Business",
    "age": 50,
    "canFly": true
}
HTTP/1.1 201 
Set-Cookie: JSESSIONID=519D12AEE8F119423F3444972B7E3521; Path=/; HttpOnly
Location: http://localhost:8090/18
X-Content-Type-Options: nosniff
X-XSS-Protection: 1; mode=block
Cache-Control: no-cache, no-store, max-age=0, must-revalidate
Pragma: no-cache
Expires: 0
X-Frame-Options: DENY
Content-Type: application/json
Transfer-Encoding: chunked
Date: Tue, 16 Aug 2022 07:09:29 GMT
Keep-Alive: timeout=60
Connection: keep-alive

{
    "id": 18,
    "name": "Tony",
    "superName": "Iron Man",
    "profession": "Business",
    "age": 50,
    "canFly": true
}
  &amp#27;[32mWhen &amp#27;[0m&amp#27;[32mcreating a User&amp#27;[0m                                  &amp#27;[90m# stepdefination.MyStepdefs.creatingAUser()&amp#27;[0m
Request method:	PUT
Request URI:	http://localhost:8090/heroes/18
Proxy:			<none>
Request params:	<none>
Query params:	<none>
Form params:	<none>
Path params:	<none>
Headers:		Accept=application/json
				Authorization=Basic dXNlcm5hbWU6cGFzc3dvcmQ=
				Content-Type=application/json
Cookies:		<none>
Multiparts:		<none>
Body:
{
    "id": 0,
    "name": "Tony",
    "superName": "Iron Man",
    "profession": "Business",
    "age": 50,
    "canFly": false
}
HTTP/1.1 200 
Set-Cookie: JSESSIONID=989F5C64A23846E48229DCE8AC85CADB; Path=/; HttpOnly
X-Content-Type-Options: nosniff
X-XSS-Protection: 1; mode=block
Cache-Control: no-cache, no-store, max-age=0, must-revalidate
Pragma: no-cache
Expires: 0
X-Frame-Options: DENY
Content-Type: application/json
Transfer-Encoding: chunked
Date: Tue, 16 Aug 2022 07:09:31 GMT
Keep-Alive: timeout=60
Connection: keep-alive

{
    "id": 18,
    "name": "Tony",
    "superName": "Iron Man",
    "profession": "Business",
    "age": 50,
    "canFly": false
}
  &amp#27;[32mAnd &amp#27;[0m&amp#27;[32mupdating canFly  status of user&amp#27;[0m                   &amp#27;[90m# stepdefination.MyStepdefs.updatingCanFlyStatusOfUser()&amp#27;[0m
  &amp#27;[32mThen &amp#27;[0m&amp#27;[32mUser canFly status must be updated&amp#27;[0m               &amp#27;[90m# stepdefination.MyStepdefs.userCanFlyStatusMustBeUpdated()&amp#27;[0m
]]></system-out>
  </testcase>
  <testcase name="runScenario[&quot;Verify that the users list is displayed&quot;, &quot;Optional[Super Heroes]&quot;](12)" classname="runner.TestRunner" time="1.062">
    <system-out><![CDATA[
Scenario: Verify that the users list is displayed &amp#27;[90m# src/test/java/features/SuperHeros.feature:58&amp#27;[0m
  &amp#27;[32mGiven &amp#27;[0m&amp#27;[32mUser Details&amp#27;[0m                              &amp#27;[90m# stepdefination.MyStepdefs.userDetails()&amp#27;[0m
Request method:	POST
Request URI:	http://localhost:8090/heroes
Proxy:			<none>
Request params:	<none>
Query params:	<none>
Form params:	<none>
Path params:	<none>
Headers:		Accept=application/json
				Authorization=Basic dXNlcm5hbWU6cGFzc3dvcmQ=
				Content-Type=application/json
Cookies:		<none>
Multiparts:		<none>
Body:
{
    "id": 0,
    "name": "Tony",
    "superName": "Iron Man",
    "profession": "Business",
    "age": 50,
    "canFly": true
}
HTTP/1.1 201 
Set-Cookie: JSESSIONID=E7E53CEA509A9CAAFFC15A09DA07C930; Path=/; HttpOnly
Location: http://localhost:8090/19
X-Content-Type-Options: nosniff
X-XSS-Protection: 1; mode=block
Cache-Control: no-cache, no-store, max-age=0, must-revalidate
Pragma: no-cache
Expires: 0
X-Frame-Options: DENY
Content-Type: application/json
Transfer-Encoding: chunked
Date: Tue, 16 Aug 2022 07:09:31 GMT
Keep-Alive: timeout=60
Connection: keep-alive

{
    "id": 19,
    "name": "Tony",
    "superName": "Iron Man",
    "profession": "Business",
    "age": 50,
    "canFly": true
}
  &amp#27;[32mWhen &amp#27;[0m&amp#27;[32mcreating a User&amp#27;[0m                            &amp#27;[90m# stepdefination.MyStepdefs.creatingAUser()&amp#27;[0m
Request method:	GET
Request URI:	http://localhost:8090/heroes
Proxy:			<none>
Request params:	<none>
Query params:	<none>
Form params:	<none>
Path params:	<none>
Headers:		Accept=application/json
				Authorization=Basic dXNlcm5hbWU6cGFzc3dvcmQ=
				Content-Type=application/json
Cookies:		<none>
Multiparts:		<none>
Body:			<none>
HTTP/1.1 200 
Set-Cookie: JSESSIONID=5597A1CC2E32E538DEC1EE4FA6A56B82; Path=/; HttpOnly
X-Content-Type-Options: nosniff
X-XSS-Protection: 1; mode=block
Cache-Control: no-cache, no-store, max-age=0, must-revalidate
Pragma: no-cache
Expires: 0
X-Frame-Options: DENY
Content-Type: application/json
Transfer-Encoding: chunked
Date: Tue, 16 Aug 2022 07:09:32 GMT
Keep-Alive: timeout=60
Connection: keep-alive

[
    {
        "id": 1,
        "name": "Tony",
        "superName": "Iron Man",
        "profession": "Business",
        "age": 50,
        "canFly": true
    },
    {
        "id": 2,
        "name": "Tony",
        "superName": "Iron Man",
        "profession": "Business",
        "age": 50,
        "canFly": false
    },
    {
        "id": 3,
        "name": "xxx",
        "superName": "Iron Man",
        "profession": "Business",
        "age": 50,
        "canFly": true
    },
    {
        "id": 4,
        "name": "captain america",
        "superName": "Iron Man",
        "profession": "Business",
        "age": 50,
        "canFly": true
    },
    {
        "id": 5,
        "name": "Enterpreneur",
        "superName": "Iron Man",
        "profession": "Business",
        "age": 50,
        "canFly": true
    },
    {
        "id": 6,
        "name": "Tony",
        "superName": "Iron Man",
        "profession": "Business",
        "age": 21,
        "canFly": true
    },
    {
        "id": 7,
        "name": "Tony",
        "superName": "Iron Man",
        "profession": "Business",
        "age": 50,
        "canFly": false
    },
    {
        "id": 8,
        "name": "Tony",
        "superName": "Iron Man",
        "profession": "Business",
        "age": 50,
        "canFly": true
    },
    {
        "id": 9,
        "name": "Tony",
        "superName": "Iron Man",
        "profession": "Business",
        "age": 50,
        "canFly": true
    },
    {
        "id": 11,
        "name": "Tony",
        "superName": "Iron Man",
        "profession": "Business",
        "age": 50,
        "canFly": true
    },
    {
        "id": 12,
        "name": "Tony",
        "superName": "Iron Man",
        "profession": "Business",
        "age": 50,
        "canFly": true
    },
    {
        "id": 13,
        "name": "Tony",
        "superName": "Iron Man",
        "profession": "Business",
        "age": 50,
        "canFly": false
    },
    {
        "id": 14,
        "name": "xxx",
        "superName": "Iron Man",
        "profession": "Business",
        "age": 50,
        "canFly": true
    },
    {
        "id": 15,
        "name": "captain america",
        "superName": "Iron Man",
        "profession": "Business",
        "age": 50,
        "canFly": true
    },
    {
        "id": 16,
        "name": "Enterpreneur",
        "superName": "Iron Man",
        "profession": "Business",
        "age": 50,
        "canFly": true
    },
    {
        "id": 17,
        "name": "Tony",
        "superName": "Iron Man",
        "profession": "Business",
        "age": 21,
        "canFly": true
    },
    {
        "id": 18,
        "name": "Tony",
        "superName": "Iron Man",
        "profession": "Business",
        "age": 50,
        "canFly": false
    },
    {
        "id": 19,
        "name": "Tony",
        "superName": "Iron Man",
        "profession": "Business",
        "age": 50,
        "canFly": true
    }
]
  &amp#27;[32mThen &amp#27;[0m&amp#27;[32mList of user must be displayed&amp#27;[0m             &amp#27;[90m# stepdefination.MyStepdefs.listOfUserMustBeDisplayed()&amp#27;[0m
]]></system-out>
  </testcase>
  <testcase name="runScenario[&quot;Verify that the particular user in the list is displayed&quot;, &quot;Optional[Super Heroes]&quot;](13)" classname="runner.TestRunner" time="0.742">
    <system-out><![CDATA[
Scenario: Verify that the particular user in the list is displayed &amp#27;[90m# src/test/java/features/SuperHeros.feature:62&amp#27;[0m
  &amp#27;[32mGiven &amp#27;[0m&amp#27;[32mUser Details&amp#27;[0m                                               &amp#27;[90m# stepdefination.MyStepdefs.userDetails()&amp#27;[0m
Request method:	POST
Request URI:	http://localhost:8090/heroes
Proxy:			<none>
Request params:	<none>
Query params:	<none>
Form params:	<none>
Path params:	<none>
Headers:		Accept=application/json
				Authorization=Basic dXNlcm5hbWU6cGFzc3dvcmQ=
				Content-Type=application/json
Cookies:		<none>
Multiparts:		<none>
Body:
{
    "id": 0,
    "name": "Tony",
    "superName": "Iron Man",
    "profession": "Business",
    "age": 50,
    "canFly": true
}
HTTP/1.1 201 
Set-Cookie: JSESSIONID=BC59389CFA214BA5EE0295DF6C06E1CB; Path=/; HttpOnly
Location: http://localhost:8090/20
X-Content-Type-Options: nosniff
X-XSS-Protection: 1; mode=block
Cache-Control: no-cache, no-store, max-age=0, must-revalidate
Pragma: no-cache
Expires: 0
X-Frame-Options: DENY
Content-Type: application/json
Transfer-Encoding: chunked
Date: Tue, 16 Aug 2022 07:09:32 GMT
Keep-Alive: timeout=60
Connection: keep-alive

{
    "id": 20,
    "name": "Tony",
    "superName": "Iron Man",
    "profession": "Business",
    "age": 50,
    "canFly": true
}
  &amp#27;[32mWhen &amp#27;[0m&amp#27;[32mcreating a User&amp#27;[0m                                             &amp#27;[90m# stepdefination.MyStepdefs.creatingAUser()&amp#27;[0m
Request method:	GET
Request URI:	http://localhost:8090/heroes/20
Proxy:			<none>
Request params:	<none>
Query params:	<none>
Form params:	<none>
Path params:	<none>
Headers:		Accept=application/json
				Authorization=Basic dXNlcm5hbWU6cGFzc3dvcmQ=
				Content-Type=application/json
Cookies:		<none>
Multiparts:		<none>
Body:			<none>
HTTP/1.1 200 
Set-Cookie: JSESSIONID=3BCDF8A833D267FA1E55BE6F97CED014; Path=/; HttpOnly
X-Content-Type-Options: nosniff
X-XSS-Protection: 1; mode=block
Cache-Control: no-cache, no-store, max-age=0, must-revalidate
Pragma: no-cache
Expires: 0
X-Frame-Options: DENY
Content-Type: application/json
Transfer-Encoding: chunked
Date: Tue, 16 Aug 2022 07:09:32 GMT
Keep-Alive: timeout=60
Connection: keep-alive

{
    "id": 20,
    "name": "Tony",
    "superName": "Iron Man",
    "profession": "Business",
    "age": 50,
    "canFly": true
}
  &amp#27;[32mThen &amp#27;[0m&amp#27;[32muser with particular id must be displayed&amp#27;[0m                   &amp#27;[90m# stepdefination.MyStepdefs.userWithParticularIdMustBeDisplayed()&amp#27;[0m
]]></system-out>
  </testcase>
  <testcase name="runScenario[&quot;Verify that the user is deleted&quot;, &quot;Optional[Super Heroes]&quot;](14)" classname="runner.TestRunner" time="0.836">
    <system-out><![CDATA[
Scenario: Verify that the user is deleted &amp#27;[90m# src/test/java/features/SuperHeros.feature:66&amp#27;[0m
  &amp#27;[32mGiven &amp#27;[0m&amp#27;[32mUser Details&amp#27;[0m                      &amp#27;[90m# stepdefination.MyStepdefs.userDetails()&amp#27;[0m
Request method:	POST
Request URI:	http://localhost:8090/heroes
Proxy:			<none>
Request params:	<none>
Query params:	<none>
Form params:	<none>
Path params:	<none>
Headers:		Accept=application/json
				Authorization=Basic dXNlcm5hbWU6cGFzc3dvcmQ=
				Content-Type=application/json
Cookies:		<none>
Multiparts:		<none>
Body:
{
    "id": 0,
    "name": "Tony",
    "superName": "Iron Man",
    "profession": "Business",
    "age": 50,
    "canFly": true
}
HTTP/1.1 201 
Set-Cookie: JSESSIONID=B997EA42245E87FB179AED5A4ADEEEEE; Path=/; HttpOnly
Location: http://localhost:8090/21
X-Content-Type-Options: nosniff
X-XSS-Protection: 1; mode=block
Cache-Control: no-cache, no-store, max-age=0, must-revalidate
Pragma: no-cache
Expires: 0
X-Frame-Options: DENY
Content-Type: application/json
Transfer-Encoding: chunked
Date: Tue, 16 Aug 2022 07:09:33 GMT
Keep-Alive: timeout=60
Connection: keep-alive

{
    "id": 21,
    "name": "Tony",
    "superName": "Iron Man",
    "profession": "Business",
    "age": 50,
    "canFly": true
}
  &amp#27;[32mWhen &amp#27;[0m&amp#27;[32mcreating a User&amp#27;[0m                    &amp#27;[90m# stepdefination.MyStepdefs.creatingAUser()&amp#27;[0m
Request method:	DELETE
Request URI:	http://localhost:8090/heroes/21
Proxy:			<none>
Request params:	<none>
Query params:	<none>
Form params:	<none>
Path params:	<none>
Headers:		Accept=application/json
				Authorization=Basic dXNlcm5hbWU6cGFzc3dvcmQ=
				Content-Type=application/json
Cookies:		<none>
Multiparts:		<none>
Body:			<none>
HTTP/1.1 200 
Set-Cookie: JSESSIONID=14BE86727EEC12A39BB95437CF27BEB5; Path=/; HttpOnly
X-Content-Type-Options: nosniff
X-XSS-Protection: 1; mode=block
Cache-Control: no-cache, no-store, max-age=0, must-revalidate
Pragma: no-cache
Expires: 0
X-Frame-Options: DENY
Content-Type: application/json
Content-Length: 24
Date: Tue, 16 Aug 2022 07:09:33 GMT
Keep-Alive: timeout=60
Connection: keep-alive

Deleted successfully...!
  &amp#27;[32mThen &amp#27;[0m&amp#27;[32mDeleting a user&amp#27;[0m                    &amp#27;[90m# stepdefination.MyStepdefs.deletingAUser()&amp#27;[0m
]]></system-out>
  </testcase>
  <testcase name="runScenario[&quot;Verify that the invalid user is deleted&quot;, &quot;Optional[Super Heroes]&quot;](15)" classname="runner.TestRunner" time="0.923">
    <system-out><![CDATA[
Scenario: Verify that the invalid user is deleted &amp#27;[90m# src/test/java/features/SuperHeros.feature:70&amp#27;[0m
  &amp#27;[32mGiven &amp#27;[0m&amp#27;[32mUser Details&amp#27;[0m                              &amp#27;[90m# stepdefination.MyStepdefs.userDetails()&amp#27;[0m
Request method:	POST
Request URI:	http://localhost:8090/heroes
Proxy:			<none>
Request params:	<none>
Query params:	<none>
Form params:	<none>
Path params:	<none>
Headers:		Accept=application/json
				Authorization=Basic dXNlcm5hbWU6cGFzc3dvcmQ=
				Content-Type=application/json
Cookies:		<none>
Multiparts:		<none>
Body:
{
    "id": 0,
    "name": "Tony",
    "superName": "Iron Man",
    "profession": "Business",
    "age": 50,
    "canFly": true
}
HTTP/1.1 201 
Set-Cookie: JSESSIONID=6662400FA72B99B4254E48285F2AD6B3; Path=/; HttpOnly
Location: http://localhost:8090/22
X-Content-Type-Options: nosniff
X-XSS-Protection: 1; mode=block
Cache-Control: no-cache, no-store, max-age=0, must-revalidate
Pragma: no-cache
Expires: 0
X-Frame-Options: DENY
Content-Type: application/json
Transfer-Encoding: chunked
Date: Tue, 16 Aug 2022 07:09:33 GMT
Keep-Alive: timeout=60
Connection: keep-alive

{
    "id": 22,
    "name": "Tony",
    "superName": "Iron Man",
    "profession": "Business",
    "age": 50,
    "canFly": true
}
  &amp#27;[32mWhen &amp#27;[0m&amp#27;[32mcreating a User&amp#27;[0m                            &amp#27;[90m# stepdefination.MyStepdefs.creatingAUser()&amp#27;[0m
Request method:	DELETE
Request URI:	http://localhost:8090/heroes/200
Proxy:			<none>
Request params:	<none>
Query params:	<none>
Form params:	<none>
Path params:	<none>
Headers:		Accept=application/json
				Authorization=Basic dXNlcm5hbWU6cGFzc3dvcmQ=
				Content-Type=application/json
Cookies:		<none>
Multiparts:		<none>
Body:			<none>
HTTP/1.1 200 
Set-Cookie: JSESSIONID=C6371F9FE7F0DF14BF636104CDE7A1CC; Path=/; HttpOnly
X-Content-Type-Options: nosniff
X-XSS-Protection: 1; mode=block
Cache-Control: no-cache, no-store, max-age=0, must-revalidate
Pragma: no-cache
Expires: 0
X-Frame-Options: DENY
Content-Type: application/json
Content-Length: 24
Date: Tue, 16 Aug 2022 07:09:34 GMT
Keep-Alive: timeout=60
Connection: keep-alive

Deleted successfully...!
  &amp#27;[32mThen &amp#27;[0m&amp#27;[32mDeleting a invalid user&amp#27;[0m                    &amp#27;[90m# stepdefination.MyStepdefs.deletingAInvalidUser()&amp#27;[0m
]]></system-out>
  </testcase>
</testsuite>