<?xml version="1.0" encoding="UTF-8"?>
<!-- Generated by org.testng.reporters.JUnitReportReporter -->
<testsuite hostname="SRILASYA" failures="0" tests="15" name="runner.TestRunner" time="21.994" errors="0" timestamp="2022-08-16T12:39:38 IST" skipped="0">
  <testcase classname="runner.TestRunner" name="runScenario" time="0.799"/>
  <system-out/>
  <testcase classname="runner.TestRunner" name="runScenario" time="1.134"/>
  <system-out/>
  <testcase classname="runner.TestRunner" name="runScenario" time="7.781"/>
  <system-out/>
  <testcase classname="runner.TestRunner" name="runScenario" time="0.855"/>
  <system-out/>
  <testcase classname="runner.TestRunner" name="runScenario" time="0.492"/>
  <system-out/>
  <testcase classname="runner.TestRunner" name="runScenario" time="0.867"/>
  <system-out/>
  <testcase classname="runner.TestRunner" name="runScenario" time="0.916"/>
  <system-out/>
  <testcase classname="runner.TestRunner" name="runScenario" time="0.536"/>
  <system-out/>
  <testcase classname="runner.TestRunner" name="runScenario" time="0.945"/>
  <system-out/>
  <testcase classname="runner.TestRunner" name="runScenario" time="1.094"/>
  <system-out/>
  <testcase classname="runner.TestRunner" name="runScenario" time="0.834"/>
  <system-out/>
  <testcase classname="runner.TestRunner" name="runScenario" time="2.309"/>
  <system-out/>
  <testcase classname="runner.TestRunner" name="runScenario" time="1.480"/>
  <system-out/>
  <testcase classname="runner.TestRunner" name="runScenario" time="1.014"/>
  <system-out/>
  <testcase classname="runner.TestRunner" name="runScenario" time="0.938"/>
  <system-out/>
</testsuite> <!-- runner.TestRunner -->
